==============================================================================
Tests                                                                         
==============================================================================
Tests.AttemptBeGeek :: Attempt BeGeek teste suite                             
==============================================================================
Short desc                                                            | PASS |
------------------------------------------------------------------------------
Long desc                                                               
  Traceback (most recent call last):
    ~~~~~~~~~~~~~~~~~~~~~~~~~~~~~~~~~~~~~~~~~~~~~~~~~~~~~~~~~~~~~~~~~~~~~~~~~~
    File  C:\GravidadeZERO\getgeeks\project\tests\AttemptBeGeek.robot:15
    T:  Long desc    
    ~~~~~~~~~~~~~~~~~~~~~~~~~~~~~~~~~~~~~~~~~~~~~~~~~~~~~~~~~~~~~~~~~~~~~~~~~~
    File  C:\GravidadeZERO\getgeeks\project\tests\AttemptBeGeek.robot:15
      Attempt Be a Geek    desc    ${long_desc}    A descrição deve ter nomáximo 255 caracteres
      |  ${long_desc} = Seu pc esta lento ? reiniciando do nada ? não se preocupe dou um jeito nele.O baidu esta te incomodando não tem problema também damos um jeito nele.Formatou e esqueceu de fazer backup? Mas pode ficar tranquilo recuperamos para você, excluímos qualquer tipo de virus (str)
    ~~~~~~~~~~~~~~~~~~~~~~~~~~~~~~~~~~~~~~~~~~~~~~~~~~~~~~~~~~~~~~~~~~~~~~~~~~
    File  C:\GravidadeZERO\getgeeks\project\tests\AttemptBeGeek.robot:38
      Alert Span Should Be    ${output_message}
      |  ${output_message} = <Unable to define variable value>
    ~~~~~~~~~~~~~~~~~~~~~~~~~~~~~~~~~~~~~~~~~~~~~~~~~~~~~~~~~~~~~~~~~~~~~~~~~~
    File  C:\GravidadeZERO\getgeeks\project\resources\actions\_SharedActions.robot:23
      Wait For Elements State    css=span[class=error] >> text= ${expected_alert}    visible    8
      |  css=span[class=error] >> text= ${expected_alert} = css=span[class=error] >> text= A descrição deve ter nomáximo 255 caracteres (str)
______________________________________________________________________________
| FAIL |
TimeoutError: locator.waitFor: Timeout 8000ms exceeded.
=========================== logs ===========================
waiting for selector "css=span[class=error] >> text= A descrição deve ter nomáximo 255 caracteres" to be visible
============================================================
------------------------------------------------------------------------------
Empty desc                                                            | PASS |
------------------------------------------------------------------------------
Whats only ddd                                                        | PASS |
------------------------------------------------------------------------------
Whats only number                                                     | PASS |
------------------------------------------------------------------------------
Empty whats                                                           | PASS |
------------------------------------------------------------------------------
Cost letters                                                            
  Traceback (most recent call last):
    ~~~~~~~~~~~~~~~~~~~~~~~~~~~~~~~~~~~~~~~~~~~~~~~~~~~~~~~~~~~~~~~~~~~~~~~~~~
    File  C:\GravidadeZERO\getgeeks\project\tests\AttemptBeGeek.robot:20
    T:  Cost letters    
    ~~~~~~~~~~~~~~~~~~~~~~~~~~~~~~~~~~~~~~~~~~~~~~~~~~~~~~~~~~~~~~~~~~~~~~~~~~
    File  C:\GravidadeZERO\getgeeks\project\tests\AttemptBeGeek.robot:20
      Attempt Be a Geek    cost    aaaa    Valor deve ser numérico
    ~~~~~~~~~~~~~~~~~~~~~~~~~~~~~~~~~~~~~~~~~~~~~~~~~~~~~~~~~~~~~~~~~~~~~~~~~~
    File  C:\GravidadeZERO\getgeeks\project\tests\AttemptBeGeek.robot:38
      Alert Span Should Be    ${output_message}
      |  ${output_message} = <Unable to define variable value>
    ~~~~~~~~~~~~~~~~~~~~~~~~~~~~~~~~~~~~~~~~~~~~~~~~~~~~~~~~~~~~~~~~~~~~~~~~~~
    File  C:\GravidadeZERO\getgeeks\project\resources\actions\_SharedActions.robot:23
      Wait For Elements State    css=span[class=error] >> text= ${expected_alert}    visible    8
      |  css=span[class=error] >> text= ${expected_alert} = css=span[class=error] >> text= Valor deve ser numérico (str)
______________________________________________________________________________
| FAIL |
TimeoutError: locator.waitFor: Timeout 8000ms exceeded.
=========================== logs ===========================
waiting for selector "css=span[class=error] >> text= Valor deve ser numérico" to be visible
============================================================
------------------------------------------------------------------------------
Cost Alpha                                                              
  Traceback (most recent call last):
    ~~~~~~~~~~~~~~~~~~~~~~~~~~~~~~~~~~~~~~~~~~~~~~~~~~~~~~~~~~~~~~~~~~~~~~~~~~
    File  C:\GravidadeZERO\getgeeks\project\tests\AttemptBeGeek.robot:21
    T:  Cost Alpha    
    ~~~~~~~~~~~~~~~~~~~~~~~~~~~~~~~~~~~~~~~~~~~~~~~~~~~~~~~~~~~~~~~~~~~~~~~~~~
    File  C:\GravidadeZERO\getgeeks\project\tests\AttemptBeGeek.robot:21
      Attempt Be a Geek    cost    aa12    Valor deve ser numérico
    ~~~~~~~~~~~~~~~~~~~~~~~~~~~~~~~~~~~~~~~~~~~~~~~~~~~~~~~~~~~~~~~~~~~~~~~~~~
    File  C:\GravidadeZERO\getgeeks\project\tests\AttemptBeGeek.robot:38
      Alert Span Should Be    ${output_message}
      |  ${output_message} = <Unable to define variable value>
    ~~~~~~~~~~~~~~~~~~~~~~~~~~~~~~~~~~~~~~~~~~~~~~~~~~~~~~~~~~~~~~~~~~~~~~~~~~
    File  C:\GravidadeZERO\getgeeks\project\resources\actions\_SharedActions.robot:23
      Wait For Elements State    css=span[class=error] >> text= ${expected_alert}    visible    8
      |  css=span[class=error] >> text= ${expected_alert} = css=span[class=error] >> text= Valor deve ser numérico (str)
______________________________________________________________________________
| FAIL |
TimeoutError: locator.waitFor: Timeout 8000ms exceeded.
=========================== logs ===========================
waiting for selector "css=span[class=error] >> text= Valor deve ser numérico" to be visible
============================================================
------------------------------------------------------------------------------
Cost special chars                                                      
  Traceback (most recent call last):
    ~~~~~~~~~~~~~~~~~~~~~~~~~~~~~~~~~~~~~~~~~~~~~~~~~~~~~~~~~~~~~~~~~~~~~~~~~~
    File  C:\GravidadeZERO\getgeeks\project\tests\AttemptBeGeek.robot:22
    T:  Cost special chars    
    ~~~~~~~~~~~~~~~~~~~~~~~~~~~~~~~~~~~~~~~~~~~~~~~~~~~~~~~~~~~~~~~~~~~~~~~~~~
    File  C:\GravidadeZERO\getgeeks\project\tests\AttemptBeGeek.robot:22
      Attempt Be a Geek    cost    @#$%    Valor deve ser numérico
    ~~~~~~~~~~~~~~~~~~~~~~~~~~~~~~~~~~~~~~~~~~~~~~~~~~~~~~~~~~~~~~~~~~~~~~~~~~
    File  C:\GravidadeZERO\getgeeks\project\tests\AttemptBeGeek.robot:38
      Alert Span Should Be    ${output_message}
      |  ${output_message} = <Unable to define variable value>
    ~~~~~~~~~~~~~~~~~~~~~~~~~~~~~~~~~~~~~~~~~~~~~~~~~~~~~~~~~~~~~~~~~~~~~~~~~~
    File  C:\GravidadeZERO\getgeeks\project\resources\actions\_SharedActions.robot:23
      Wait For Elements State    css=span[class=error] >> text= ${expected_alert}    visible    8
      |  css=span[class=error] >> text= ${expected_alert} = css=span[class=error] >> text= Valor deve ser numérico (str)
______________________________________________________________________________
| FAIL |
TimeoutError: locator.waitFor: Timeout 8000ms exceeded.
=========================== logs ===========================
waiting for selector "css=span[class=error] >> text= Valor deve ser numérico" to be visible
============================================================
------------------------------------------------------------------------------
Empty cost                                                              
  Traceback (most recent call last):
    ~~~~~~~~~~~~~~~~~~~~~~~~~~~~~~~~~~~~~~~~~~~~~~~~~~~~~~~~~~~~~~~~~~~~~~~~~~
    File  C:\GravidadeZERO\getgeeks\project\tests\AttemptBeGeek.robot:23
    T:  Empty cost    
    ~~~~~~~~~~~~~~~~~~~~~~~~~~~~~~~~~~~~~~~~~~~~~~~~~~~~~~~~~~~~~~~~~~~~~~~~~~
    File  C:\GravidadeZERO\getgeeks\project\tests\AttemptBeGeek.robot:23
      Attempt Be a Geek    cost    ${EMPTY}    Valor deve ser numérico
      |  ${EMPTY} =  (str)
    ~~~~~~~~~~~~~~~~~~~~~~~~~~~~~~~~~~~~~~~~~~~~~~~~~~~~~~~~~~~~~~~~~~~~~~~~~~
    File  C:\GravidadeZERO\getgeeks\project\tests\AttemptBeGeek.robot:38
      Alert Span Should Be    ${output_message}
      |  ${output_message} = <Unable to define variable value>
    ~~~~~~~~~~~~~~~~~~~~~~~~~~~~~~~~~~~~~~~~~~~~~~~~~~~~~~~~~~~~~~~~~~~~~~~~~~
    File  C:\GravidadeZERO\getgeeks\project\resources\actions\_SharedActions.robot:23
      Wait For Elements State    css=span[class=error] >> text= ${expected_alert}    visible    8
      |  css=span[class=error] >> text= ${expected_alert} = css=span[class=error] >> text= Valor deve ser numérico (str)
______________________________________________________________________________
| FAIL |
TimeoutError: locator.waitFor: Timeout 8000ms exceeded.
=========================== logs ===========================
waiting for selector "css=span[class=error] >> text= Valor deve ser numérico" to be visible
============================================================
------------------------------------------------------------------------------
No printer repair                                                       
  Traceback (most recent call last):
    ~~~~~~~~~~~~~~~~~~~~~~~~~~~~~~~~~~~~~~~~~~~~~~~~~~~~~~~~~~~~~~~~~~~~~~~~~~
    File  C:\GravidadeZERO\getgeeks\project\tests\AttemptBeGeek.robot:24
    T:  No printer repair    
    ~~~~~~~~~~~~~~~~~~~~~~~~~~~~~~~~~~~~~~~~~~~~~~~~~~~~~~~~~~~~~~~~~~~~~~~~~~
    File  C:\GravidadeZERO\getgeeks\project\tests\AttemptBeGeek.robot:24
      Attempt Be a Geek    printer_repair    ${EMPTY}    Por favor, informe se você é um Geek Supremo
      |  ${EMPTY} =  (str)
    ~~~~~~~~~~~~~~~~~~~~~~~~~~~~~~~~~~~~~~~~~~~~~~~~~~~~~~~~~~~~~~~~~~~~~~~~~~
    File  C:\GravidadeZERO\getgeeks\project\tests\AttemptBeGeek.robot:38
      Alert Span Should Be    ${output_message}
      |  ${output_message} = <Unable to define variable value>
    ~~~~~~~~~~~~~~~~~~~~~~~~~~~~~~~~~~~~~~~~~~~~~~~~~~~~~~~~~~~~~~~~~~~~~~~~~~
    File  C:\GravidadeZERO\getgeeks\project\resources\actions\_SharedActions.robot:23
      Wait For Elements State    css=span[class=error] >> text= ${expected_alert}    visible    8
      |  css=span[class=error] >> text= ${expected_alert} = css=span[class=error] >> text= Por favor, informe se você é um Geek Supremo (str)
______________________________________________________________________________
| FAIL |
TimeoutError: locator.waitFor: Timeout 8000ms exceeded.
=========================== logs ===========================
waiting for selector "css=span[class=error] >> text= Por favor, informe se você é um Geek Supremo" to be visible
============================================================
------------------------------------------------------------------------------
No work                                                                 
  Traceback (most recent call last):
    ~~~~~~~~~~~~~~~~~~~~~~~~~~~~~~~~~~~~~~~~~~~~~~~~~~~~~~~~~~~~~~~~~~~~~~~~~~
    File  C:\GravidadeZERO\getgeeks\project\tests\AttemptBeGeek.robot:25
    T:  No work    
    ~~~~~~~~~~~~~~~~~~~~~~~~~~~~~~~~~~~~~~~~~~~~~~~~~~~~~~~~~~~~~~~~~~~~~~~~~~
    File  C:\GravidadeZERO\getgeeks\project\tests\AttemptBeGeek.robot:25
      Attempt Be a Geek    work    ${EMPTY}    Por favor, selecione o modelo de trabalho
      |  ${EMPTY} =  (str)
    ~~~~~~~~~~~~~~~~~~~~~~~~~~~~~~~~~~~~~~~~~~~~~~~~~~~~~~~~~~~~~~~~~~~~~~~~~~
    File  C:\GravidadeZERO\getgeeks\project\tests\AttemptBeGeek.robot:38
      Alert Span Should Be    ${output_message}
      |  ${output_message} = <Unable to define variable value>
    ~~~~~~~~~~~~~~~~~~~~~~~~~~~~~~~~~~~~~~~~~~~~~~~~~~~~~~~~~~~~~~~~~~~~~~~~~~
    File  C:\GravidadeZERO\getgeeks\project\resources\actions\_SharedActions.robot:23
      Wait For Elements State    css=span[class=error] >> text= ${expected_alert}    visible    8
      |  css=span[class=error] >> text= ${expected_alert} = css=span[class=error] >> text= Por favor, selecione o modelo de trabalho (str)
______________________________________________________________________________
| FAIL |
TimeoutError: locator.waitFor: Timeout 8000ms exceeded.
=========================== logs ===========================
waiting for selector "css=span[class=error] >> text= Por favor, selecione o modelo de trabalho" to be visible
============================================================
------------------------------------------------------------------------------
Tests.AttemptBeGeek :: Attempt BeGeek teste suite                     | FAIL |
12 tests, 5 passed, 7 failed
==============================================================================
Tests                                                                 | FAIL |
12 tests, 5 passed, 7 failed
==============================================================================
Output:  C:\GravidadeZERO\getgeeks\project\logs\pabot_results\0\output.xml
